[24-Nov-2013 15:45:08 America/Chicago] PHP Notice:  Array to string conversion in /home/pazzionate/vlis/src/lib/utils/interfaces/view.php on line 43
[24-Nov-2013 15:45:08 America/Chicago] PHP Warning:  ucwords() expects parameter 1 to be string, array given in /home/pazzionate/vlis/src/lib/utils/interfaces/view.php on line 43
[24-Nov-2013 15:45:08 America/Chicago] PHP Notice:  Array to string conversion in /home/pazzionate/vlis/src/lib/utils/interfaces/view.php on line 43
[24-Nov-2013 15:45:08 America/Chicago] PHP Warning:  ucwords() expects parameter 1 to be string, array given in /home/pazzionate/vlis/src/lib/utils/interfaces/view.php on line 43
[24-Nov-2013 15:45:08 America/Chicago] PHP Notice:  Array to string conversion in /home/pazzionate/vlis/src/lib/utils/interfaces/view.php on line 43
[24-Nov-2013 15:45:08 America/Chicago] PHP Warning:  ucwords() expects parameter 1 to be string, array given in /home/pazzionate/vlis/src/lib/utils/interfaces/view.php on line 43
[24-Nov-2013 15:45:08 America/Chicago] PHP Notice:  Array to string conversion in /home/pazzionate/vlis/src/lib/utils/interfaces/view.php on line 43
[24-Nov-2013 15:45:08 America/Chicago] PHP Warning:  ucwords() expects parameter 1 to be string, array given in /home/pazzionate/vlis/src/lib/utils/interfaces/view.php on line 43
[24-Nov-2013 15:45:08 America/Chicago] PHP Notice:  Array to string conversion in /home/pazzionate/vlis/src/lib/utils/interfaces/view.php on line 43
[24-Nov-2013 15:45:08 America/Chicago] PHP Warning:  ucwords() expects parameter 1 to be string, array given in /home/pazzionate/vlis/src/lib/utils/interfaces/view.php on line 43
[24-Nov-2013 15:45:08 America/Chicago] PHP Notice:  Undefined variable: categories in /home/pazzionate/vlis/src/lib/utils/interfaces/view.php on line 50
[24-Nov-2013 15:46:31 America/Chicago] PHP Notice:  Undefined variable: categories in /home/pazzionate/vlis/src/lib/utils/interfaces/view.php on line 51
[24-Nov-2013 15:53:07 America/Chicago] PHP Fatal error:  Call to a member function selectCategories() on a non-object in /home/pazzionate/vlis/src/lib/utils/interfaces/view.php on line 109
[24-Nov-2013 15:54:40 America/Chicago] PHP Fatal error:  Call to a member function selectCategories() on a non-object in /home/pazzionate/vlis/src/lib/utils/interfaces/view.php on line 109
[24-Nov-2013 15:55:27 America/Chicago] PHP Fatal error:  Call to a member function selectCategories() on a non-object in /home/pazzionate/vlis/src/lib/utils/interfaces/view.php on line 109
[24-Nov-2013 15:56:15 America/Chicago] PHP Fatal error:  Call to a member function selectCategories() on a non-object in /home/pazzionate/vlis/src/lib/utils/interfaces/view.php on line 109
[24-Nov-2013 20:05:42 America/Chicago] PHP Notice:  Use of undefined constant sibling_p - assumed 'sibling_p' in /home/pazzionate/vlis/src/lib/modules/admin/categories/admincategoriesview.php on line 122
[24-Nov-2013 20:05:42 America/Chicago] PHP Fatal error:  Call to undefined function html() in /home/pazzionate/vlis/src/lib/modules/admin/categories/admincategoriesview.php on line 122
[25-Nov-2013 00:23:54 America/Chicago] PHP Notice:  Undefined variable: name in /home/pazzionate/vlis/src/lib/modules/admin/categories/admincategoriesmodel.php on line 22
[25-Nov-2013 02:12:57 America/Chicago] PHP Warning:  session_start(): Cannot send session cache limiter - headers already sent (output started at /home/pazzionate/vlis/vlis/index.php:2) in /home/pazzionate/vlis/src/lib/modules/authorization/loggedindatamodel.php on line 10
[25-Nov-2013 03:41:03 America/Chicago] PHP Fatal error:  Call to a member function prepare() on a non-object in /home/pazzionate/vlis/src/lib/db/dbcategories.php on line 55
[25-Nov-2013 15:45:49 America/Chicago] PHP Fatal error:  Class 'DbQuestion' not found in /home/pazzionate/vlis/src/lib/utils/factory.php on line 24
[25-Nov-2013 15:55:50 America/Chicago] PHP Fatal error:  Call to a member function selectCategories() on a non-object in /home/pazzionate/vlis/src/lib/utils/interfaces/view.php on line 39
[25-Nov-2013 15:55:52 America/Chicago] PHP Fatal error:  Call to a member function selectCategories() on a non-object in /home/pazzionate/vlis/src/lib/utils/interfaces/view.php on line 39
[25-Nov-2013 16:05:47 America/Chicago] PHP Notice:  Undefined index: updated_security_question in /home/pazzionate/vlis/src/lib/modules/admin/questions/adminquestionsmodel.php on line 48
[25-Nov-2013 16:08:37 America/Chicago] PHP Fatal error:  Call to a member function deleteQuestion() on a non-object in /home/pazzionate/vlis/src/lib/modules/admin/questions/adminquestionscontroller.php on line 35
[25-Nov-2013 18:27:23 America/Chicago] PHP Fatal error:  Interface 'RegistryInterface' not found in /home/pazzionate/vlis/src/lib/utils/registry.php on line 2
[25-Nov-2013 18:29:44 America/Chicago] PHP Fatal error:  Call to undefined method VideoUploadModel::setupContent() in /home/pazzionate/vlis/src/lib/modules/video_upload/videouploadcontroller.php on line 30
[25-Nov-2013 18:31:05 America/Chicago] PHP Fatal error:  Call to undefined method VideoUploadModel::setupContent() in /home/pazzionate/vlis/src/lib/modules/video_upload/videouploadcontroller.php on line 30
[25-Nov-2013 18:31:07 America/Chicago] PHP Fatal error:  Call to undefined method VideoUploadModel::setupContent() in /home/pazzionate/vlis/src/lib/modules/video_upload/videouploadcontroller.php on line 30
[27-Nov-2013 07:09:29 America/Chicago] PHP Notice:  Undefined offset: 0 in /home/pazzionate/vlis/src/lib/modules/video_upload/videouploadview.php on line 27
[27-Nov-2013 07:09:29 America/Chicago] PHP Notice:  Undefined offset: 0 in /home/pazzionate/vlis/src/lib/modules/video_upload/videouploadview.php on line 27
[27-Nov-2013 07:09:29 America/Chicago] PHP Notice:  Undefined offset: 0 in /home/pazzionate/vlis/src/lib/modules/video_upload/videouploadview.php on line 27
[27-Nov-2013 07:09:29 America/Chicago] PHP Notice:  Undefined offset: 0 in /home/pazzionate/vlis/src/lib/modules/video_upload/videouploadview.php on line 27
[27-Nov-2013 07:09:29 America/Chicago] PHP Notice:  Undefined offset: 0 in /home/pazzionate/vlis/src/lib/modules/video_upload/videouploadview.php on line 27
[27-Nov-2013 07:12:03 America/Chicago] PHP Notice:  Undefined offset: 0 in /home/pazzionate/vlis/src/lib/modules/video_upload/videouploadview.php on line 28
[27-Nov-2013 07:12:03 America/Chicago] PHP Notice:  Undefined offset: 0 in /home/pazzionate/vlis/src/lib/modules/video_upload/videouploadview.php on line 28
[27-Nov-2013 07:12:03 America/Chicago] PHP Notice:  Undefined offset: 0 in /home/pazzionate/vlis/src/lib/modules/video_upload/videouploadview.php on line 28
[27-Nov-2013 07:12:03 America/Chicago] PHP Notice:  Undefined offset: 0 in /home/pazzionate/vlis/src/lib/modules/video_upload/videouploadview.php on line 28
[27-Nov-2013 07:12:03 America/Chicago] PHP Notice:  Undefined offset: 0 in /home/pazzionate/vlis/src/lib/modules/video_upload/videouploadview.php on line 28
[27-Nov-2013 07:12:03 America/Chicago] PHP Notice:  Undefined offset: 0 in /home/pazzionate/vlis/src/lib/modules/video_upload/videouploadview.php on line 28
[27-Nov-2013 07:12:03 America/Chicago] PHP Notice:  Undefined offset: 0 in /home/pazzionate/vlis/src/lib/modules/video_upload/videouploadview.php on line 28
[27-Nov-2013 07:12:03 America/Chicago] PHP Notice:  Undefined offset: 0 in /home/pazzionate/vlis/src/lib/modules/video_upload/videouploadview.php on line 28
[27-Nov-2013 07:12:03 America/Chicago] PHP Notice:  Undefined offset: 0 in /home/pazzionate/vlis/src/lib/modules/video_upload/videouploadview.php on line 28
[27-Nov-2013 07:12:03 America/Chicago] PHP Notice:  Undefined offset: 0 in /home/pazzionate/vlis/src/lib/modules/video_upload/videouploadview.php on line 28
[27-Nov-2013 07:15:07 America/Chicago] PHP Notice:  Undefined offset: 0 in /home/pazzionate/vlis/src/lib/modules/video_upload/videouploadview.php on line 29
[27-Nov-2013 07:15:07 America/Chicago] PHP Notice:  Undefined offset: 0 in /home/pazzionate/vlis/src/lib/modules/video_upload/videouploadview.php on line 29
[27-Nov-2013 07:15:07 America/Chicago] PHP Notice:  Undefined offset: 0 in /home/pazzionate/vlis/src/lib/modules/video_upload/videouploadview.php on line 29
[27-Nov-2013 07:15:07 America/Chicago] PHP Notice:  Undefined offset: 0 in /home/pazzionate/vlis/src/lib/modules/video_upload/videouploadview.php on line 29
[27-Nov-2013 07:15:07 America/Chicago] PHP Notice:  Undefined offset: 0 in /home/pazzionate/vlis/src/lib/modules/video_upload/videouploadview.php on line 29
[27-Nov-2013 07:16:17 America/Chicago] PHP Notice:  Undefined offset: 0 in /home/pazzionate/vlis/src/lib/modules/video_upload/videouploadview.php on line 29
[27-Nov-2013 07:16:17 America/Chicago] PHP Notice:  Undefined offset: 0 in /home/pazzionate/vlis/src/lib/modules/video_upload/videouploadview.php on line 29
[27-Nov-2013 07:16:17 America/Chicago] PHP Notice:  Undefined offset: 0 in /home/pazzionate/vlis/src/lib/modules/video_upload/videouploadview.php on line 29
[27-Nov-2013 07:16:17 America/Chicago] PHP Notice:  Undefined offset: 0 in /home/pazzionate/vlis/src/lib/modules/video_upload/videouploadview.php on line 29
[27-Nov-2013 07:16:17 America/Chicago] PHP Notice:  Undefined offset: 0 in /home/pazzionate/vlis/src/lib/modules/video_upload/videouploadview.php on line 29
[27-Nov-2013 07:16:49 America/Chicago] PHP Notice:  Undefined offset: 0 in /home/pazzionate/vlis/src/lib/modules/video_upload/videouploadview.php on line 29
[27-Nov-2013 07:16:49 America/Chicago] PHP Notice:  Undefined offset: 0 in /home/pazzionate/vlis/src/lib/modules/video_upload/videouploadview.php on line 29
[27-Nov-2013 07:16:49 America/Chicago] PHP Notice:  Undefined offset: 0 in /home/pazzionate/vlis/src/lib/modules/video_upload/videouploadview.php on line 29
[27-Nov-2013 07:16:49 America/Chicago] PHP Notice:  Undefined offset: 0 in /home/pazzionate/vlis/src/lib/modules/video_upload/videouploadview.php on line 29
[27-Nov-2013 07:16:49 America/Chicago] PHP Notice:  Undefined offset: 0 in /home/pazzionate/vlis/src/lib/modules/video_upload/videouploadview.php on line 29
[27-Nov-2013 07:16:50 America/Chicago] PHP Notice:  Undefined offset: 0 in /home/pazzionate/vlis/src/lib/modules/video_upload/videouploadview.php on line 29
[27-Nov-2013 07:16:50 America/Chicago] PHP Notice:  Undefined offset: 0 in /home/pazzionate/vlis/src/lib/modules/video_upload/videouploadview.php on line 29
[27-Nov-2013 07:16:50 America/Chicago] PHP Notice:  Undefined offset: 0 in /home/pazzionate/vlis/src/lib/modules/video_upload/videouploadview.php on line 29
[27-Nov-2013 07:16:50 America/Chicago] PHP Notice:  Undefined offset: 0 in /home/pazzionate/vlis/src/lib/modules/video_upload/videouploadview.php on line 29
[27-Nov-2013 07:16:50 America/Chicago] PHP Notice:  Undefined offset: 0 in /home/pazzionate/vlis/src/lib/modules/video_upload/videouploadview.php on line 29
[27-Nov-2013 07:32:31 America/Chicago] PHP Fatal error:  Call to undefined function ucase() in /home/pazzionate/vlis/src/lib/modules/video_upload/videouploadview.php on line 28
[27-Nov-2013 08:10:47 America/Chicago] PHP Fatal error:  Call to a member function prepare() on a non-object in /home/pazzionate/vlis/src/lib/db/dbcategories.php on line 55
[01-Dec-2013 20:24:47 America/Chicago] PHP Fatal error:  Call to undefined method LoggedInDataModel::getUserId() in /home/pazzionate/vlis/src/lib/modules/home/homeview.php on line 23
[01-Dec-2013 20:25:54 America/Chicago] PHP Fatal error:  Call to undefined method LoggedInDataModel::getUserId() in /home/pazzionate/vlis/src/lib/modules/home/homeview.php on line 23
[01-Dec-2013 20:31:51 America/Chicago] PHP Fatal error:  Call to undefined method LoggedInDataModel::getUserId() in /home/pazzionate/vlis/src/lib/modules/authentication/loginview.php on line 45
[01-Dec-2013 20:33:19 America/Chicago] PHP Fatal error:  Call to undefined method LoggedInDataModel::getDestination() in /home/pazzionate/vlis/src/lib/modules/authentication/logincontroller.php on line 24
[01-Dec-2013 20:34:17 America/Chicago] PHP Warning:  Missing argument 1 for View::setInnerNavigation(), called in /home/pazzionate/vlis/src/lib/modules/authentication/loginview.php on line 55 and defined in /home/pazzionate/vlis/src/lib/utils/interfaces/view.php on line 37
[01-Dec-2013 20:34:17 America/Chicago] PHP Notice:  Undefined variable: role_id in /home/pazzionate/vlis/src/lib/utils/interfaces/view.php on line 50
[01-Dec-2013 20:34:17 America/Chicago] PHP Notice:  Undefined variable: role_id in /home/pazzionate/vlis/src/lib/utils/interfaces/view.php on line 68
[01-Dec-2013 20:34:17 America/Chicago] PHP Notice:  Undefined variable: pages in /home/pazzionate/vlis/src/lib/utils/interfaces/view.php on line 82
[01-Dec-2013 20:34:17 America/Chicago] PHP Warning:  Invalid argument supplied for foreach() in /home/pazzionate/vlis/src/lib/utils/interfaces/view.php on line 82
[01-Dec-2013 20:38:33 America/Chicago] PHP Warning:  Missing argument 1 for View::setInnerNavigation(), called in /home/pazzionate/vlis/src/lib/modules/authentication/loginview.php on line 55 and defined in /home/pazzionate/vlis/src/lib/utils/interfaces/view.php on line 37
[01-Dec-2013 20:38:33 America/Chicago] PHP Notice:  Undefined variable: role_id in /home/pazzionate/vlis/src/lib/utils/interfaces/view.php on line 50
[01-Dec-2013 20:38:33 America/Chicago] PHP Notice:  Undefined variable: role_id in /home/pazzionate/vlis/src/lib/utils/interfaces/view.php on line 68
[01-Dec-2013 20:38:33 America/Chicago] PHP Notice:  Undefined variable: pages in /home/pazzionate/vlis/src/lib/utils/interfaces/view.php on line 82
[01-Dec-2013 20:38:33 America/Chicago] PHP Warning:  Invalid argument supplied for foreach() in /home/pazzionate/vlis/src/lib/utils/interfaces/view.php on line 82
[01-Dec-2013 20:38:35 America/Chicago] PHP Warning:  Missing argument 1 for View::setInnerNavigation(), called in /home/pazzionate/vlis/src/lib/modules/authentication/loginview.php on line 55 and defined in /home/pazzionate/vlis/src/lib/utils/interfaces/view.php on line 37
[01-Dec-2013 20:38:35 America/Chicago] PHP Notice:  Undefined variable: role_id in /home/pazzionate/vlis/src/lib/utils/interfaces/view.php on line 50
[01-Dec-2013 20:38:35 America/Chicago] PHP Notice:  Undefined variable: role_id in /home/pazzionate/vlis/src/lib/utils/interfaces/view.php on line 68
[01-Dec-2013 20:38:35 America/Chicago] PHP Notice:  Undefined variable: pages in /home/pazzionate/vlis/src/lib/utils/interfaces/view.php on line 82
[01-Dec-2013 20:38:35 America/Chicago] PHP Warning:  Invalid argument supplied for foreach() in /home/pazzionate/vlis/src/lib/utils/interfaces/view.php on line 82
[01-Dec-2013 20:38:57 America/Chicago] PHP Fatal error:  Call to undefined method LoggedInDataModel::getUserId() in /home/pazzionate/vlis/src/lib/modules/authentication/logoutcontroller.php on line 13
[01-Dec-2013 20:40:35 America/Chicago] PHP Fatal error:  Call to undefined method LoggedInDataModel::getUserId() in /home/pazzionate/vlis/src/lib/modules/categories/categoriesview.php on line 27
[01-Dec-2013 20:42:41 America/Chicago] PHP Fatal error:  Call to undefined method LoggedInDataModel::getUserId() in /home/pazzionate/vlis/src/lib/modules/profile/profilecontroller.php on line 11
[01-Dec-2013 20:43:19 America/Chicago] PHP Fatal error:  Call to undefined method LoggedInDataModel::getUserRole() in /home/pazzionate/vlis/src/lib/modules/profile/profileview.php on line 33
[01-Dec-2013 20:45:00 America/Chicago] PHP Fatal error:  Call to undefined method LoggedInDataModel::getUserId() in /home/pazzionate/vlis/src/lib/modules/admin/categories/admincategoriescontroller.php on line 14
[01-Dec-2013 20:47:56 America/Chicago] PHP Fatal error:  Call to undefined method LoggedInDataModel::getUserRole() in /home/pazzionate/vlis/src/lib/modules/admin/categories/admincategoriesview.php on line 156
[01-Dec-2013 20:50:14 America/Chicago] PHP Fatal error:  Call to undefined method LoggedInDataModel::getUserId() in /home/pazzionate/vlis/src/lib/modules/admin/questions/adminquestionscontroller.php on line 14
[01-Dec-2013 20:51:53 America/Chicago] PHP Fatal error:  Call to undefined method LoggedInDataModel::getUserRole() in /home/pazzionate/vlis/src/lib/modules/admin/questions/adminquestionsview.php on line 136
[01-Dec-2013 20:53:00 America/Chicago] PHP Fatal error:  Call to undefined method LoggedInDataModel::getUserId() in /home/pazzionate/vlis/src/lib/modules/admin/questions/adminquestionsview.php on line 105
[01-Dec-2013 20:54:14 America/Chicago] PHP Fatal error:  Call to a member function process() on a non-object in /home/pazzionate/vlis/src/lib/modules/admin/admincontroller.php on line 17
[01-Dec-2013 20:54:38 America/Chicago] PHP Fatal error:  Call to a member function process() on a non-object in /home/pazzionate/vlis/src/lib/modules/admin/admincontroller.php on line 17
[01-Dec-2013 20:54:48 America/Chicago] PHP Fatal error:  Call to undefined method LoggedInDataModel::getUserRole() in /home/pazzionate/vlis/src/lib/modules/categories/categoriesview.php on line 37
[01-Dec-2013 20:59:05 America/Chicago] PHP Fatal error:  Call to undefined method LoggedInDataModel::getUserRole() in /home/pazzionate/vlis/src/lib/modules/video_upload/videouploadview.php on line 164
[01-Dec-2013 21:01:25 America/Chicago] PHP Fatal error:  Call to undefined method LoggedInDataModel::getUserId() in /home/pazzionate/vlis/src/lib/modules/video_upload/videouploadview.php on line 158
[01-Dec-2013 23:01:23 America/Chicago] PHP Fatal error:  Call to undefined method VideoUploadView::_getContent() in /home/pazzionate/vlis/src/lib/modules/video_upload/videouploadview.php on line 129
[02-Dec-2013 03:39:08 America/Chicago] PHP Notice:  Undefined index: video_type in /home/pazzionate/vlis/src/lib/modules/video_upload/videouploadmodel.php on line 39
[02-Dec-2013 03:50:23 America/Chicago] PHP Notice:  Array to string conversion in /home/pazzionate/vlis/src/lib/modules/video_upload/videouploadcontroller.php on line 38
[02-Dec-2013 05:38:11 America/Chicago] PHP Fatal error:  Call to a member function getData() on a non-object in /home/pazzionate/vlis/src/lib/modules/video_upload/videouploadmodel.php on line 49
[02-Dec-2013 05:41:59 America/Chicago] PHP Fatal error:  Call to a member function getData() on a non-object in /home/pazzionate/vlis/src/lib/modules/video_upload/videouploadmodel.php on line 49
[02-Dec-2013 05:45:24 America/Chicago] PHP Fatal error:  Call to a member function getData() on a non-object in /home/pazzionate/vlis/src/lib/modules/video_upload/videouploadmodel.php on line 49
[02-Dec-2013 06:06:46 America/Chicago] PHP Fatal error:  Call to undefined method LoggedInDataModel::removeDestination() in /home/pazzionate/vlis/src/lib/modules/authentication/logincontroller.php on line 28
[02-Dec-2013 15:20:16 America/Chicago] PHP Fatal error:  Undefined class constant 'DB_VIDEOS' in /home/pazzionate/vlis/src/lib/utils/factory.php on line 28
[02-Dec-2013 15:21:13 America/Chicago] PHP Notice:  Undefined variable: id in /home/pazzionate/vlis/src/lib/db/dbvideoupload.php on line 62
[02-Dec-2013 16:05:40 America/Chicago] PHP Notice:  Undefined index: delete_upload_video_btn in /home/pazzionate/vlis/src/lib/modules/video_upload/videouploadcontroller.php on line 43
[02-Dec-2013 16:39:56 America/Chicago] PHP Fatal error:  Call to a member function selectVideo() on a non-object in /home/pazzionate/vlis/src/lib/modules/video_upload/videouploadmodel.php on line 50
[02-Dec-2013 21:34:43 America/Chicago] PHP Notice:  Undefined index: update_upload_title in /home/pazzionate/vlis/src/lib/modules/video_upload/videouploadmodel.php on line 146
[02-Dec-2013 21:34:43 America/Chicago] PHP Notice:  Undefined index: video_id in /home/pazzionate/vlis/src/lib/modules/video_upload/videouploadview.php on line 153
[02-Dec-2013 21:39:35 America/Chicago] PHP Notice:  Undefined index: video_id in /home/pazzionate/vlis/src/lib/modules/video_upload/videouploadview.php on line 153
[02-Dec-2013 21:56:01 America/Chicago] PHP Notice:  Undefined index: video_id in /home/pazzionate/vlis/src/lib/modules/video_upload/videouploadview.php on line 190
[02-Dec-2013 21:56:01 America/Chicago] PHP Notice:  Undefined index: video_id in /home/pazzionate/vlis/src/lib/modules/video_upload/videouploadview.php on line 197
[02-Dec-2013 21:56:01 America/Chicago] PHP Notice:  Undefined index: video_id in /home/pazzionate/vlis/src/lib/modules/video_upload/videouploadview.php on line 153
[02-Dec-2013 22:16:11 America/Chicago] PHP Notice:  Undefined index: video_id in /home/pazzionate/vlis/src/lib/modules/video_upload/videouploadview.php on line 191
[02-Dec-2013 22:16:11 America/Chicago] PHP Notice:  Undefined index: video_id in /home/pazzionate/vlis/src/lib/modules/video_upload/videouploadview.php on line 198
[02-Dec-2013 22:16:11 America/Chicago] PHP Notice:  Undefined index: video_id in /home/pazzionate/vlis/src/lib/modules/video_upload/videouploadview.php on line 153
[03-Dec-2013 03:40:33 America/Chicago] PHP Fatal error:  Call to undefined method LoggedInDataModel::getUserRole() in /home/pazzionate/vlis/src/lib/modules/home/homeview.php on line 33
[04-Dec-2013 01:41:31 America/Chicago] PHP Fatal error:  Call to a member function setupContent() on a non-object in /home/pazzionate/vlis/src/lib/modules/video_watch/watchvideocontroller.php on line 25
[04-Dec-2013 18:36:55 America/Chicago] PHP Notice:  Undefined property: VideoSearchView::$video_array in /home/pazzionate/vlis/src/lib/modules/search/videosearchview.php on line 21
[04-Dec-2013 18:36:55 America/Chicago] PHP Notice:  Undefined property: VideoSearchView::$video_array in /home/pazzionate/vlis/src/lib/modules/search/videosearchview.php on line 22
[04-Dec-2013 18:36:55 America/Chicago] PHP Fatal error:  Call to a member function format() on a non-object in /home/pazzionate/vlis/src/lib/modules/search/videosearchview.php on line 23
[04-Dec-2013 18:39:00 America/Chicago] PHP Fatal error:  Call to undefined function newVideoSearchModel() in /home/pazzionate/vlis/src/lib/utils/factory.php on line 43
[04-Dec-2013 18:40:28 America/Chicago] PHP Notice:  Undefined variable: content in /home/pazzionate/vlis/src/lib/modules/search/videosearchview.php on line 89
[04-Dec-2013 18:42:01 America/Chicago] PHP Fatal error:  Call to undefined function newVideoSearchModel() in /home/pazzionate/vlis/src/lib/utils/factory.php on line 43
[04-Dec-2013 18:42:36 America/Chicago] PHP Notice:  Undefined variable: input_data in /home/pazzionate/vlis/src/lib/modules/search/videosearchmodel.php on line 20
[05-Dec-2013 05:30:53 America/Chicago] PHP Fatal error:  Call to a member function process() on a non-object in /home/pazzionate/vlis/src/lib/modules/admin/admincontroller.php on line 17
[05-Dec-2013 13:32:27 America/Chicago] PHP Notice:  Undefined property: AdminVideoController::$upload_view in /home/pazzionate/vlis/src/lib/modules/admin/videos/adminvideocontroller.php on line 30
[05-Dec-2013 13:32:27 America/Chicago] PHP Fatal error:  Call to a member function setupContent() on a non-object in /home/pazzionate/vlis/src/lib/modules/admin/videos/adminvideocontroller.php on line 30
[05-Dec-2013 13:48:00 America/Chicago] PHP Notice:  Undefined property: AdminVideoController::$upload_view in /home/pazzionate/vlis/src/lib/modules/admin/videos/adminvideocontroller.php on line 30
[05-Dec-2013 13:48:00 America/Chicago] PHP Fatal error:  Call to a member function setupContent() on a non-object in /home/pazzionate/vlis/src/lib/modules/admin/videos/adminvideocontroller.php on line 30
[05-Dec-2013 14:09:19 America/Chicago] PHP Notice:  Undefined property: AdminVideoController::$upload_model in /home/pazzionate/vlis/src/lib/modules/admin/videos/adminvideocontroller.php on line 27
[05-Dec-2013 14:09:19 America/Chicago] PHP Fatal error:  Call to a member function deleteVideo() on a non-object in /home/pazzionate/vlis/src/lib/modules/admin/videos/adminvideocontroller.php on line 27
[05-Dec-2013 23:30:10 America/Chicago] PHP Fatal error:  Class 'AdminUsersController' not found in /home/pazzionate/vlis/src/lib/utils/factory.php on line 22
[05-Dec-2013 23:34:44 America/Chicago] PHP Fatal error:  Call to a member function setupContent() on a non-object in /home/pazzionate/vlis/src/lib/modules/admin/users/adminuserscontroller.php on line 32
[06-Dec-2013 03:18:27 America/Chicago] PHP Fatal error:  Call to a member function format() on a non-object in /home/pazzionate/vlis/src/lib/modules/home/homeview.php on line 40
[06-Dec-2013 03:52:03 America/Chicago] PHP Notice:  Undefined variable: POST in /home/pazzionate/vlis/src/lib/modules/search/videosearchcontroller.php on line 20
[06-Dec-2013 03:52:03 America/Chicago] PHP Catchable fatal error:  Argument 1 passed to VideoSearchModel::getSearch() must be of the type array, null given, called in /home/pazzionate/vlis/src/lib/modules/search/videosearchcontroller.php on line 20 and defined in /home/pazzionate/vlis/src/lib/modules/search/videosearchmodel.php on line 19
[06-Dec-2013 03:52:34 America/Chicago] PHP Fatal error:  Call to undefined function url_decode() in /home/pazzionate/vlis/src/lib/modules/search/videosearchmodel.php on line 20
